# JRE version: OpenJDK Runtime Environment Temurin-17.0.7+7 (17.0.7+7) (build 17.0.7+7)
# Java VM: OpenJDK 64-Bit Server VM Temurin-17.0.7+7 (17.0.7+7, mixed mode, sharing, tiered, compressed oops, compressed class ptrs, g1 gc, windows-amd64)
GC Precious Log:
 CPUs: 8 total, 8 available
 Memory: 7975M
 Large Page Support: Disabled
 NUMA Support: Disabled
 Compressed Oops: Enabled (Zero based)
 Heap Region Size: 2M
 Heap Min Capacity: 512M
 Heap Initial Capacity: 512M
 Heap Max Capacity: 4072M
 Pre-touch: Disabled
 Parallel Workers: 8
 Concurrent Workers: 2
 Concurrent Refinement Workers: 8
 Periodic GC: Disabled
 String Deduplication is enabled
Heap:
 garbage-first heap   total 524288K, used 159267K [0x0000000701800000, 0x0000000800000000)
  region size 2048K, 33 young (67584K), 2 survivors (4096K)
 Metaspace       used 89446K, committed 90112K, reserved 1179648K
  class space    used 12075K, committed 12544K, reserved 1048576K
GC Heap History (20 events):
Event: 28361.834 GC heap before
{Heap before GC invocations=177 (full 30):
 garbage-first heap   total 524288K, used 173412K [0x0000000701800000, 0x0000000800000000)
  region size 2048K, 40 young (81920K), 2 survivors (4096K)
 Metaspace       used 89332K, committed 90048K, reserved 1179648K
  class space    used 12075K, committed 12544K, reserved 1048576K
}
Event: 28361.837 GC heap after
{Heap after GC invocations=178 (full 30):
 garbage-first heap   total 524288K, used 95725K [0x0000000701800000, 0x0000000800000000)
  region size 2048K, 2 young (4096K), 2 survivors (4096K)
 Metaspace       used 89332K, committed 90048K, reserved 1179648K
  class space    used 12075K, committed 12544K, reserved 1048576K
}
Event: 28453.348 GC heap before
{Heap before GC invocations=178 (full 30):
 garbage-first heap   total 524288K, used 173549K [0x0000000701800000, 0x0000000800000000)
  region size 2048K, 40 young (81920K), 2 survivors (4096K)
 Metaspace       used 89332K, committed 90048K, reserved 1179648K
  class space    used 12075K, committed 12544K, reserved 1048576K
}
Event: 28453.353 GC heap after
{Heap after GC invocations=179 (full 30):
 garbage-first heap   total 524288K, used 95700K [0x0000000701800000, 0x0000000800000000)
  region size 2048K, 1 young (2048K), 1 survivors (2048K)
 Metaspace       used 89332K, committed 90048K, reserved 1179648K
  class space    used 12075K, committed 12544K, reserved 1048576K
}
Event: 28473.684 GC heap before
{Heap before GC invocations=179 (full 30):
 garbage-first heap   total 524288K, used 175572K [0x0000000701800000, 0x0000000800000000)
  region size 2048K, 40 young (81920K), 1 survivors (2048K)
 Metaspace       used 89346K, committed 90048K, reserved 1179648K
  class space    used 12075K, committed 12544K, reserved 1048576K
}
Event: 28473.689 GC heap after
{Heap after GC invocations=180 (full 30):
 garbage-first heap   total 524288K, used 96114K [0x0000000701800000, 0x0000000800000000)
  region size 2048K, 2 young (4096K), 2 survivors (4096K)
 Metaspace       used 89346K, committed 90048K, reserved 1179648K
  class space    used 12075K, committed 12544K, reserved 1048576K
}
Event: 28475.728 GC heap before
{Heap before GC invocations=180 (full 30):
 garbage-first heap   total 524288K, used 173938K [0x0000000701800000, 0x0000000800000000)
  region size 2048K, 40 young (81920K), 2 survivors (4096K)
 Metaspace       used 89358K, committed 90048K, reserved 1179648K
  class space    used 12075K, committed 12544K, reserved 1048576K
}
Event: 28475.734 GC heap after
{Heap after GC invocations=181 (full 30):
 garbage-first heap   total 524288K, used 95954K [0x0000000701800000, 0x0000000800000000)
  region size 2048K, 1 young (2048K), 1 survivors (2048K)
 Metaspace       used 89358K, committed 90048K, reserved 1179648K
  class space    used 12075K, committed 12544K, reserved 1048576K
}
Event: 28479.718 GC heap before
{Heap before GC invocations=181 (full 30):
 garbage-first heap   total 524288K, used 175826K [0x0000000701800000, 0x0000000800000000)
  region size 2048K, 40 young (81920K), 1 survivors (2048K)
 Metaspace       used 89365K, committed 90048K, reserved 1179648K
  class space    used 12075K, committed 12544K, reserved 1048576K
}
Event: 28479.725 GC heap after
{Heap after GC invocations=182 (full 30):
 garbage-first heap   total 524288K, used 96478K [0x0000000701800000, 0x0000000800000000)
  region size 2048K, 1 young (2048K), 1 survivors (2048K)
 Metaspace       used 89365K, committed 90048K, reserved 1179648K
  class space    used 12075K, committed 12544K, reserved 1048576K
}
Event: 28492.558 GC heap before
{Heap before GC invocations=182 (full 30):
 garbage-first heap   total 524288K, used 176350K [0x0000000701800000, 0x0000000800000000)
  region size 2048K, 40 young (81920K), 1 survivors (2048K)
 Metaspace       used 89380K, committed 90112K, reserved 1179648K
  class space    used 12075K, committed 12544K, reserved 1048576K
}
Event: 28492.562 GC heap after
{Heap after GC invocations=183 (full 30):
 garbage-first heap   total 524288K, used 96036K [0x0000000701800000, 0x0000000800000000)
  region size 2048K, 1 young (2048K), 1 survivors (2048K)
 Metaspace       used 89380K, committed 90112K, reserved 1179648K
  class space    used 12075K, committed 12544K, reserved 1048576K
}
Event: 28505.685 GC heap before
{Heap before GC invocations=183 (full 30):
 garbage-first heap   total 524288K, used 175908K [0x0000000701800000, 0x0000000800000000)
  region size 2048K, 40 young (81920K), 1 survivors (2048K)
 Metaspace       used 89394K, committed 90112K, reserved 1179648K
  class space    used 12075K, committed 12544K, reserved 1048576K
}
Event: 28505.691 GC heap after
{Heap after GC invocations=184 (full 30):
 garbage-first heap   total 524288K, used 97402K [0x0000000701800000, 0x0000000800000000)
  region size 2048K, 2 young (4096K), 2 survivors (4096K)
 Metaspace       used 89394K, committed 90112K, reserved 1179648K
  class space    used 12075K, committed 12544K, reserved 1048576K
}
Event: 28509.690 GC heap before
{Heap before GC invocations=184 (full 30):
 garbage-first heap   total 524288K, used 175226K [0x0000000701800000, 0x0000000800000000)
  region size 2048K, 40 young (81920K), 2 survivors (4096K)
 Metaspace       used 89405K, committed 90112K, reserved 1179648K
  class space    used 12075K, committed 12544K, reserved 1048576K
}
Event: 28509.696 GC heap after
{Heap after GC invocations=185 (full 30):
 garbage-first heap   total 524288K, used 97660K [0x0000000701800000, 0x0000000800000000)
  region size 2048K, 2 young (4096K), 2 survivors (4096K)
 Metaspace       used 89405K, committed 90112K, reserved 1179648K
  class space    used 12075K, committed 12544K, reserved 1048576K
}
Event: 28512.653 GC heap before
{Heap before GC invocations=185 (full 30):
 garbage-first heap   total 524288K, used 175484K [0x0000000701800000, 0x0000000800000000)
  region size 2048K, 40 young (81920K), 2 survivors (4096K)
 Metaspace       used 89430K, committed 90112K, reserved 1179648K
  class space    used 12075K, committed 12544K, reserved 1048576K
}
Event: 28512.658 GC heap after
{Heap after GC invocations=186 (full 30):
 garbage-first heap   total 524288K, used 97505K [0x0000000701800000, 0x0000000800000000)
  region size 2048K, 2 young (4096K), 2 survivors (4096K)
 Metaspace       used 89430K, committed 90112K, reserved 1179648K
  class space    used 12075K, committed 12544K, reserved 1048576K
}
Event: 28518.054 GC heap before
{Heap before GC invocations=186 (full 30):
 garbage-first heap   total 524288K, used 175329K [0x0000000701800000, 0x0000000800000000)
  region size 2048K, 40 young (81920K), 2 survivors (4096K)
 Metaspace       used 89440K, committed 90112K, reserved 1179648K
  class space    used 12075K, committed 12544K, reserved 1048576K
}
Event: 28518.058 GC heap after
{Heap after GC invocations=187 (full 30):
 garbage-first heap   total 524288K, used 97827K [0x0000000701800000, 0x0000000800000000)
  region size 2048K, 2 young (4096K), 2 survivors (4096K)
 Metaspace       used 89440K, committed 90112K, reserved 1179648K
  class space    used 12075K, committed 12544K, reserved 1048576K
}

