# JRE version: OpenJDK Runtime Environment Temurin-17.0.7+7 (17.0.7+7) (build 17.0.7+7)
# Java VM: OpenJDK 64-Bit Server VM Temurin-17.0.7+7 (17.0.7+7, mixed mode, sharing, tiered, compressed oops, compressed class ptrs, g1 gc, windows-amd64)
GC Precious Log:
 CPUs: 8 total, 8 available
 Memory: 7975M
 Large Page Support: Disabled
 NUMA Support: Disabled
 Compressed Oops: Enabled (Zero based)
 Heap Region Size: 2M
 Heap Min Capacity: 512M
 Heap Initial Capacity: 512M
 Heap Max Capacity: 4072M
 Pre-touch: Disabled
 Parallel Workers: 8
 Concurrent Workers: 2
 Concurrent Refinement Workers: 8
 Periodic GC: Disabled
 String Deduplication is enabled
Heap:
 garbage-first heap   total 524288K, used 109049K [0x0000000701800000, 0x0000000800000000)
  region size 2048K, 4 young (8192K), 3 survivors (6144K)
 Metaspace       used 89942K, committed 90560K, reserved 1179648K
  class space    used 12398K, committed 12736K, reserved 1048576K
GC Heap History (20 events):
Event: 3346.743 GC heap before
{Heap before GC invocations=144 (full 36):
 garbage-first heap   total 524288K, used 178675K [0x0000000701800000, 0x0000000800000000)
  region size 2048K, 40 young (81920K), 3 survivors (6144K)
 Metaspace       used 89543K, committed 90240K, reserved 1179648K
  class space    used 12395K, committed 12736K, reserved 1048576K
}
Event: 3346.749 GC heap after
{Heap after GC invocations=145 (full 36):
 garbage-first heap   total 524288K, used 103293K [0x0000000701800000, 0x0000000800000000)
  region size 2048K, 3 young (6144K), 3 survivors (6144K)
 Metaspace       used 89543K, committed 90240K, reserved 1179648K
  class space    used 12395K, committed 12736K, reserved 1048576K
}
Event: 3425.629 GC heap before
{Heap before GC invocations=145 (full 36):
 garbage-first heap   total 524288K, used 179069K [0x0000000701800000, 0x0000000800000000)
  region size 2048K, 40 young (81920K), 3 survivors (6144K)
 Metaspace       used 89578K, committed 90240K, reserved 1179648K
  class space    used 12395K, committed 12736K, reserved 1048576K
}
Event: 3425.637 GC heap after
{Heap after GC invocations=146 (full 36):
 garbage-first heap   total 524288K, used 103056K [0x0000000701800000, 0x0000000800000000)
  region size 2048K, 3 young (6144K), 3 survivors (6144K)
 Metaspace       used 89578K, committed 90240K, reserved 1179648K
  class space    used 12395K, committed 12736K, reserved 1048576K
}
Event: 3430.369 GC heap before
{Heap before GC invocations=146 (full 36):
 garbage-first heap   total 524288K, used 178832K [0x0000000701800000, 0x0000000800000000)
  region size 2048K, 40 young (81920K), 3 survivors (6144K)
 Metaspace       used 89608K, committed 90304K, reserved 1179648K
  class space    used 12395K, committed 12736K, reserved 1048576K
}
Event: 3430.376 GC heap after
{Heap after GC invocations=147 (full 36):
 garbage-first heap   total 524288K, used 102910K [0x0000000701800000, 0x0000000800000000)
  region size 2048K, 3 young (6144K), 3 survivors (6144K)
 Metaspace       used 89608K, committed 90304K, reserved 1179648K
  class space    used 12395K, committed 12736K, reserved 1048576K
}
Event: 3433.225 GC heap before
{Heap before GC invocations=147 (full 36):
 garbage-first heap   total 524288K, used 178686K [0x0000000701800000, 0x0000000800000000)
  region size 2048K, 40 young (81920K), 3 survivors (6144K)
 Metaspace       used 89670K, committed 90304K, reserved 1179648K
  class space    used 12396K, committed 12736K, reserved 1048576K
}
Event: 3433.229 GC heap after
{Heap after GC invocations=148 (full 36):
 garbage-first heap   total 524288K, used 102780K [0x0000000701800000, 0x0000000800000000)
  region size 2048K, 3 young (6144K), 3 survivors (6144K)
 Metaspace       used 89670K, committed 90304K, reserved 1179648K
  class space    used 12396K, committed 12736K, reserved 1048576K
}
Event: 3439.160 GC heap before
{Heap before GC invocations=148 (full 36):
 garbage-first heap   total 524288K, used 178556K [0x0000000701800000, 0x0000000800000000)
  region size 2048K, 40 young (81920K), 3 survivors (6144K)
 Metaspace       used 89687K, committed 90368K, reserved 1179648K
  class space    used 12396K, committed 12736K, reserved 1048576K
}
Event: 3439.165 GC heap after
{Heap after GC invocations=149 (full 36):
 garbage-first heap   total 524288K, used 102706K [0x0000000701800000, 0x0000000800000000)
  region size 2048K, 3 young (6144K), 3 survivors (6144K)
 Metaspace       used 89687K, committed 90368K, reserved 1179648K
  class space    used 12396K, committed 12736K, reserved 1048576K
}
Event: 3451.244 GC heap before
{Heap before GC invocations=149 (full 36):
 garbage-first heap   total 524288K, used 178482K [0x0000000701800000, 0x0000000800000000)
  region size 2048K, 40 young (81920K), 3 survivors (6144K)
 Metaspace       used 89706K, committed 90368K, reserved 1179648K
  class space    used 12397K, committed 12736K, reserved 1048576K
}
Event: 3451.254 GC heap after
{Heap after GC invocations=150 (full 36):
 garbage-first heap   total 524288K, used 103605K [0x0000000701800000, 0x0000000800000000)
  region size 2048K, 3 young (6144K), 3 survivors (6144K)
 Metaspace       used 89706K, committed 90368K, reserved 1179648K
  class space    used 12397K, committed 12736K, reserved 1048576K
}
Event: 3458.483 GC heap before
{Heap before GC invocations=150 (full 36):
 garbage-first heap   total 524288K, used 179381K [0x0000000701800000, 0x0000000800000000)
  region size 2048K, 40 young (81920K), 3 survivors (6144K)
 Metaspace       used 89791K, committed 90432K, reserved 1179648K
  class space    used 12397K, committed 12736K, reserved 1048576K
}
Event: 3458.490 GC heap after
{Heap after GC invocations=151 (full 36):
 garbage-first heap   total 524288K, used 106390K [0x0000000701800000, 0x0000000800000000)
  region size 2048K, 5 young (10240K), 5 survivors (10240K)
 Metaspace       used 89791K, committed 90432K, reserved 1179648K
  class space    used 12397K, committed 12736K, reserved 1048576K
}
Event: 3462.654 GC heap before
{Heap before GC invocations=151 (full 36):
 garbage-first heap   total 524288K, used 178070K [0x0000000701800000, 0x0000000800000000)
  region size 2048K, 40 young (81920K), 5 survivors (10240K)
 Metaspace       used 89907K, committed 90560K, reserved 1179648K
  class space    used 12398K, committed 12736K, reserved 1048576K
}
Event: 3462.664 GC heap after
{Heap after GC invocations=152 (full 36):
 garbage-first heap   total 524288K, used 107300K [0x0000000701800000, 0x0000000800000000)
  region size 2048K, 4 young (8192K), 4 survivors (8192K)
 Metaspace       used 89907K, committed 90560K, reserved 1179648K
  class space    used 12398K, committed 12736K, reserved 1048576K
}
Event: 3475.529 GC heap before
{Heap before GC invocations=152 (full 36):
 garbage-first heap   total 524288K, used 181028K [0x0000000701800000, 0x0000000800000000)
  region size 2048K, 40 young (81920K), 4 survivors (8192K)
 Metaspace       used 89929K, committed 90560K, reserved 1179648K
  class space    used 12398K, committed 12736K, reserved 1048576K
}
Event: 3475.535 GC heap after
{Heap after GC invocations=153 (full 36):
 garbage-first heap   total 524288K, used 108433K [0x0000000701800000, 0x0000000800000000)
  region size 2048K, 4 young (8192K), 4 survivors (8192K)
 Metaspace       used 89929K, committed 90560K, reserved 1179648K
  class space    used 12398K, committed 12736K, reserved 1048576K
}
Event: 3498.885 GC heap before
{Heap before GC invocations=153 (full 36):
 garbage-first heap   total 524288K, used 182161K [0x0000000701800000, 0x0000000800000000)
  region size 2048K, 40 young (81920K), 4 survivors (8192K)
 Metaspace       used 89942K, committed 90560K, reserved 1179648K
  class space    used 12398K, committed 12736K, reserved 1048576K
}
Event: 3498.897 GC heap after
{Heap after GC invocations=154 (full 36):
 garbage-first heap   total 524288K, used 109049K [0x0000000701800000, 0x0000000800000000)
  region size 2048K, 3 young (6144K), 3 survivors (6144K)
 Metaspace       used 89942K, committed 90560K, reserved 1179648K
  class space    used 12398K, committed 12736K, reserved 1048576K
}

